<?xml version="1.0" encoding="UTF-8"?>
<testng-results ignored="0" total="1" passed="1" failed="0" skipped="0">
  <reporter-output>
  </reporter-output>
  <suite started-at="2022-01-05T20:10:18 GMT" name="Surefire suite" finished-at="2022-01-05T20:10:30 GMT" duration-ms="11966">
    <groups>
      <group name="cucumber">
        <method signature="AbstractTestNGCucumberTests.feature(cucumber.api.testng.CucumberFeatureWrapper)[pri:0, instance:com.automationpractice.web.TestRunner@6fb0d3ed]" name="feature" class="cucumber.api.testng.AbstractTestNGCucumberTests"/>
      </group> <!-- cucumber -->
    </groups>
    <test started-at="2022-01-05T20:10:18 GMT" name="Surefire test" finished-at="2022-01-05T20:10:30 GMT" duration-ms="11966">
      <class name="com.automationpractice.web.TestRunner">
        <test-method is-config="true" signature="setUpClass()[pri:0, instance:com.automationpractice.web.TestRunner@6fb0d3ed]" started-at="2022-01-05T20:10:18 GMT" name="setUpClass" finished-at="2022-01-05T20:10:18 GMT" duration-ms="144" status="PASS">
          <reporter-output>
          </reporter-output>
        </test-method> <!-- setUpClass -->
        <test-method signature="feature(cucumber.api.testng.CucumberFeatureWrapper)[pri:0, instance:com.automationpractice.web.TestRunner@6fb0d3ed]" started-at="2022-01-05T20:10:19 GMT" name="feature" description="Runs Cucumber Feature" data-provider="features" finished-at="2022-01-05T20:10:30 GMT" duration-ms="11750" status="PASS">
          <params>
            <param index="0">
              <value>
                <![CDATA[Checkout]]>
              </value>
            </param>
          </params>
          <reporter-output>
          </reporter-output>
        </test-method> <!-- feature -->
        <test-method is-config="true" signature="tearDownClass()[pri:0, instance:com.automationpractice.web.TestRunner@6fb0d3ed]" started-at="2022-01-05T20:10:30 GMT" name="tearDownClass" finished-at="2022-01-05T20:10:30 GMT" duration-ms="2" status="PASS">
          <reporter-output>
          </reporter-output>
        </test-method> <!-- tearDownClass -->
      </class> <!-- com.automationpractice.web.TestRunner -->
    </test> <!-- Surefire test -->
  </suite> <!-- Surefire suite -->
</testng-results>
